2012-04-20 14:10:03[org.apache.axis.utils.JavaUtils:1308] WARN  Unable to find required classes (javax.activation.DataHandler and javax.mail.internet.MimeMultipart). Attachment support is disabled.
2012-04-20 17:01:00[net.ufida.info.util.HDFSUtils:162] INFO  ===================删除文件==================/lory/test1.txt
2012-04-26 10:53:45[org.apache.axis.client.Call:2418] ERROR No returnType was specified to the Call object!  You must call setReturnType() if you have called addParameter().
2012-04-26 11:37:49[org.springframework.context.support.ClassPathXmlApplicationContext:411] INFO  Refreshing org.springframework.context.support.ClassPathXmlApplicationContext@1630ab9: display name [org.springframework.context.support.ClassPathXmlApplicationContext@1630ab9]; startup date [Thu Apr 26 11:37:49 CST 2012]; root of context hierarchy
2012-04-26 11:37:49[org.springframework.beans.factory.xml.XmlBeanDefinitionReader:323] INFO  Loading XML bean definitions from class path resource [net/ufida/info/conf/info-component.xml]
2012-04-26 11:37:49[org.springframework.context.support.ClassPathXmlApplicationContext:426] INFO  Bean factory for application context [org.springframework.context.support.ClassPathXmlApplicationContext@1630ab9]: org.springframework.beans.factory.support.DefaultListableBeanFactory@75e4fc
2012-04-26 11:37:50[org.springframework.beans.factory.support.DefaultListableBeanFactory:414] INFO  Pre-instantiating singletons in org.springframework.beans.factory.support.DefaultListableBeanFactory@75e4fc: defining beans [loginManager,loginService,userCfManager,userCfService,slopeOneManager,slopeOneService,orderGoodsManager,categoryManager]; root of factory hierarchy
2012-04-26 11:41:31[org.springframework.context.support.ClassPathXmlApplicationContext:411] INFO  Refreshing org.springframework.context.support.ClassPathXmlApplicationContext@14a8cd1: display name [org.springframework.context.support.ClassPathXmlApplicationContext@14a8cd1]; startup date [Thu Apr 26 11:41:31 CST 2012]; root of context hierarchy
2012-04-26 11:41:31[org.springframework.beans.factory.xml.XmlBeanDefinitionReader:323] INFO  Loading XML bean definitions from class path resource [net/ufida/info/conf/info-component.xml]
2012-04-26 11:41:31[org.springframework.context.support.ClassPathXmlApplicationContext:426] INFO  Bean factory for application context [org.springframework.context.support.ClassPathXmlApplicationContext@14a8cd1]: org.springframework.beans.factory.support.DefaultListableBeanFactory@af993e
2012-04-26 11:41:31[org.springframework.beans.factory.support.DefaultListableBeanFactory:414] INFO  Pre-instantiating singletons in org.springframework.beans.factory.support.DefaultListableBeanFactory@af993e: defining beans [loginManager,loginService,userCfManager,userCfService,slopeOneManager,slopeOneService,orderGoodsManager,categoryManager]; root of factory hierarchy
2012-04-26 11:42:22[org.springframework.context.support.ClassPathXmlApplicationContext:411] INFO  Refreshing org.springframework.context.support.ClassPathXmlApplicationContext@14a8cd1: display name [org.springframework.context.support.ClassPathXmlApplicationContext@14a8cd1]; startup date [Thu Apr 26 11:42:22 CST 2012]; root of context hierarchy
2012-04-26 11:42:23[org.springframework.beans.factory.xml.XmlBeanDefinitionReader:323] INFO  Loading XML bean definitions from class path resource [net/ufida/info/conf/info-component.xml]
2012-04-26 11:42:23[org.springframework.context.support.ClassPathXmlApplicationContext:426] INFO  Bean factory for application context [org.springframework.context.support.ClassPathXmlApplicationContext@14a8cd1]: org.springframework.beans.factory.support.DefaultListableBeanFactory@af993e
2012-04-26 11:42:23[org.springframework.beans.factory.support.DefaultListableBeanFactory:414] INFO  Pre-instantiating singletons in org.springframework.beans.factory.support.DefaultListableBeanFactory@af993e: defining beans [loginManager,loginService,userCfManager,userCfService,slopeOneManager,slopeOneService,orderGoodsManager,categoryManager]; root of factory hierarchy
2012-04-26 11:44:02[org.springframework.context.support.ClassPathXmlApplicationContext:411] INFO  Refreshing org.springframework.context.support.ClassPathXmlApplicationContext@d19bc8: display name [org.springframework.context.support.ClassPathXmlApplicationContext@d19bc8]; startup date [Thu Apr 26 11:44:02 CST 2012]; root of context hierarchy
2012-04-26 11:44:02[org.springframework.beans.factory.xml.XmlBeanDefinitionReader:323] INFO  Loading XML bean definitions from class path resource [net/ufida/info/conf/info-component.xml]
2012-04-26 11:44:02[org.springframework.context.support.ClassPathXmlApplicationContext:426] INFO  Bean factory for application context [org.springframework.context.support.ClassPathXmlApplicationContext@d19bc8]: org.springframework.beans.factory.support.DefaultListableBeanFactory@af993e
2012-04-26 11:44:02[org.springframework.beans.factory.support.DefaultListableBeanFactory:414] INFO  Pre-instantiating singletons in org.springframework.beans.factory.support.DefaultListableBeanFactory@af993e: defining beans [loginManager,loginService,userCfManager,userCfService,slopeOneManager,slopeOneService,orderGoodsManager,categoryManager]; root of factory hierarchy
2012-04-26 11:47:52[org.springframework.context.support.ClassPathXmlApplicationContext:411] INFO  Refreshing org.springframework.context.support.ClassPathXmlApplicationContext@14a8cd1: display name [org.springframework.context.support.ClassPathXmlApplicationContext@14a8cd1]; startup date [Thu Apr 26 11:47:52 CST 2012]; root of context hierarchy
2012-04-26 11:47:53[org.springframework.beans.factory.xml.XmlBeanDefinitionReader:323] INFO  Loading XML bean definitions from class path resource [net/ufida/info/conf/info-component.xml]
2012-04-26 11:47:53[org.springframework.context.support.ClassPathXmlApplicationContext:426] INFO  Bean factory for application context [org.springframework.context.support.ClassPathXmlApplicationContext@14a8cd1]: org.springframework.beans.factory.support.DefaultListableBeanFactory@16de49c
2012-04-26 11:47:53[org.springframework.beans.factory.support.DefaultListableBeanFactory:414] INFO  Pre-instantiating singletons in org.springframework.beans.factory.support.DefaultListableBeanFactory@16de49c: defining beans [loginManager,loginService,userCfManager,userCfService,slopeOneManager,slopeOneService]; root of factory hierarchy
2012-04-26 11:50:46[org.springframework.context.support.ClassPathXmlApplicationContext:411] INFO  Refreshing org.springframework.context.support.ClassPathXmlApplicationContext@14a8cd1: display name [org.springframework.context.support.ClassPathXmlApplicationContext@14a8cd1]; startup date [Thu Apr 26 11:50:46 CST 2012]; root of context hierarchy
2012-04-26 11:50:46[org.springframework.beans.factory.xml.XmlBeanDefinitionReader:323] INFO  Loading XML bean definitions from class path resource [spring-hibernate.xml]
2012-04-26 11:50:46[org.springframework.context.support.ClassPathXmlApplicationContext:426] INFO  Bean factory for application context [org.springframework.context.support.ClassPathXmlApplicationContext@14a8cd1]: org.springframework.beans.factory.support.DefaultListableBeanFactory@6295eb
2012-04-26 11:50:46[org.springframework.beans.factory.support.DefaultListableBeanFactory:414] INFO  Pre-instantiating singletons in org.springframework.beans.factory.support.DefaultListableBeanFactory@6295eb: defining beans [dataSource,sessionFactory,transactionManager,org.springframework.aop.config.internalAutoProxyCreator,org.springframework.aop.support.DefaultBeanFactoryPointcutAdvisor#0,org.springframework.aop.support.DefaultBeanFactoryPointcutAdvisor#1,txAdvice,slopeOneManager,slopeOneService]; root of factory hierarchy
2012-04-26 11:50:47[org.hibernate.cfg.Environment:514] INFO  Hibernate 3.2.6
2012-04-26 11:50:47[org.hibernate.cfg.Environment:547] INFO  hibernate.properties not found
2012-04-26 11:50:47[org.hibernate.cfg.Environment:681] INFO  Bytecode provider name : cglib
2012-04-26 11:50:47[org.hibernate.cfg.Environment:598] INFO  using JDK 1.4 java.sql.Timestamp handling
2012-04-26 11:50:47[org.hibernate.cfg.HbmBinder:300] INFO  Mapping class: net.ufida.info.login.model.System -> tb_subsys
2012-04-26 11:50:47[org.hibernate.cfg.HbmBinder:300] INFO  Mapping class: net.ufida.info.login.model.SystemMenu -> tb_subsys_menu
2012-04-26 11:50:47[org.hibernate.cfg.HbmBinder:300] INFO  Mapping class: net.ufida.info.login.model.SystemRole -> tb_subsys_role
2012-04-26 11:50:47[org.hibernate.cfg.HbmBinder:1419] INFO  Mapping collection: net.ufida.info.login.model.SystemRole.userList -> tb_subsys_user_role
2012-04-26 11:50:47[org.hibernate.cfg.HbmBinder:300] INFO  Mapping class: net.ufida.info.login.model.SystemRoleMenu -> tb_subsys_role_menu
2012-04-26 11:50:47[org.hibernate.cfg.HbmBinder:300] INFO  Mapping class: net.ufida.info.login.model.SystemUser -> tb_sys_user
2012-04-26 11:50:47[org.hibernate.cfg.HbmBinder:1419] INFO  Mapping collection: net.ufida.info.login.model.SystemUser.sysRoleList -> tb_subsys_user_role
2012-04-26 11:50:47[org.hibernate.cfg.HbmBinder:300] INFO  Mapping class: net.ufida.info.mahout.model.BasicRemmenderModel -> tmp_good_order
2012-04-26 11:50:47[org.hibernate.cfg.HbmBinder:300] INFO  Mapping class: net.ufida.info.mahout.model.Category -> category
2012-04-26 11:50:47[org.hibernate.cfg.HbmBinder:300] INFO  Mapping class: net.ufida.info.mahout.model.OrderGoods -> order_goods
2012-04-26 11:50:47[org.hibernate.cfg.HbmBinder:2382] INFO  Mapping collection: net.ufida.info.login.model.SystemMenu.sysRoleMenuList -> tb_subsys_role_menu
2012-04-26 11:50:47[org.hibernate.cfg.HbmBinder:2382] INFO  Mapping collection: net.ufida.info.login.model.SystemRole.sysRoleMenuList -> tb_subsys_role_menu
2012-04-26 11:50:47[org.springframework.orm.hibernate3.LocalSessionFactoryBean:730] INFO  Building new Hibernate SessionFactory
2012-04-26 11:50:47[org.hibernate.mapping.RootClass:210] WARN  composite-id class does not override equals(): net.ufida.info.login.model.SystemRoleMenu
2012-04-26 11:50:47[org.hibernate.mapping.RootClass:215] WARN  composite-id class does not override hashCode(): net.ufida.info.login.model.SystemRoleMenu
2012-04-26 11:50:47[org.hibernate.connection.ConnectionProviderFactory:72] INFO  Initializing connection provider: org.springframework.orm.hibernate3.LocalDataSourceConnectionProvider
2012-04-26 11:50:47[org.hibernate.cfg.SettingsFactory:89] INFO  RDBMS: MySQL, version: 5.1.50-log
2012-04-26 11:50:47[org.hibernate.cfg.SettingsFactory:90] INFO  JDBC driver: MySQL-AB JDBC Driver, version: mysql-connector-java-5.0.6 ( $Date: 2007-03-09 22:13:57 +0100 (Fri, 09 Mar 2007) $, $Revision: 6341 $ )
2012-04-26 11:50:47[org.hibernate.dialect.Dialect:152] INFO  Using dialect: org.hibernate.dialect.MySQLDialect
2012-04-26 11:50:47[org.hibernate.transaction.TransactionFactoryFactory:34] INFO  Transaction strategy: org.springframework.orm.hibernate3.SpringTransactionFactory
2012-04-26 11:50:47[org.hibernate.transaction.TransactionManagerLookupFactory:33] INFO  No TransactionManagerLookup configured (in JTA environment, use of read-write or transactional second-level cache is not recommended)
2012-04-26 11:50:47[org.hibernate.cfg.SettingsFactory:143] INFO  Automatic flush during beforeCompletion(): disabled
2012-04-26 11:50:47[org.hibernate.cfg.SettingsFactory:147] INFO  Automatic session close at end of transaction: disabled
2012-04-26 11:50:47[org.hibernate.cfg.SettingsFactory:154] INFO  JDBC batch size: 100
2012-04-26 11:50:47[org.hibernate.cfg.SettingsFactory:157] INFO  JDBC batch updates for versioned data: disabled
2012-04-26 11:50:47[org.hibernate.cfg.SettingsFactory:162] INFO  Scrollable result sets: disabled
2012-04-26 11:50:47[org.hibernate.cfg.SettingsFactory:170] INFO  JDBC3 getGeneratedKeys(): enabled
2012-04-26 11:50:47[org.hibernate.cfg.SettingsFactory:174] INFO  JDBC result set fetch size: 60
2012-04-26 11:50:47[org.hibernate.cfg.SettingsFactory:178] INFO  Connection release mode: auto
2012-04-26 11:50:47[org.hibernate.cfg.SettingsFactory:202] INFO  Maximum outer join fetch depth: 3
2012-04-26 11:50:47[org.hibernate.cfg.SettingsFactory:205] INFO  Default batch fetch size: 1
2012-04-26 11:50:47[org.hibernate.cfg.SettingsFactory:209] INFO  Generate SQL with comments: disabled
2012-04-26 11:50:47[org.hibernate.cfg.SettingsFactory:213] INFO  Order SQL updates by primary key: disabled
2012-04-26 11:50:47[org.hibernate.cfg.SettingsFactory:217] INFO  Order SQL inserts for batching: disabled
2012-04-26 11:50:47[org.hibernate.cfg.SettingsFactory:386] INFO  Query translator: org.hibernate.hql.ast.ASTQueryTranslatorFactory
2012-04-26 11:50:47[org.hibernate.hql.ast.ASTQueryTranslatorFactory:24] INFO  Using ASTQueryTranslatorFactory
2012-04-26 11:50:47[org.hibernate.cfg.SettingsFactory:225] INFO  Query language substitutions: {}
2012-04-26 11:50:47[org.hibernate.cfg.SettingsFactory:230] INFO  JPA-QL strict compliance: disabled
2012-04-26 11:50:47[org.hibernate.cfg.SettingsFactory:235] INFO  Second-level cache: enabled
2012-04-26 11:50:47[org.hibernate.cfg.SettingsFactory:239] INFO  Query cache: enabled
2012-04-26 11:50:47[org.hibernate.cfg.SettingsFactory:373] INFO  Cache provider: org.hibernate.cache.EhCacheProvider
2012-04-26 11:50:47[org.hibernate.cfg.SettingsFactory:254] INFO  Optimize cache for minimal puts: disabled
2012-04-26 11:50:47[org.hibernate.cfg.SettingsFactory:263] INFO  Structured second-level cache entries: disabled
2012-04-26 11:50:47[org.hibernate.cfg.SettingsFactory:360] INFO  Query cache factory: org.hibernate.cache.StandardQueryCacheFactory
2012-04-26 11:50:47[org.hibernate.cfg.SettingsFactory:283] INFO  Echoing all SQL to stdout
2012-04-26 11:50:47[org.hibernate.cfg.SettingsFactory:290] INFO  Statistics: disabled
2012-04-26 11:50:47[org.hibernate.cfg.SettingsFactory:294] INFO  Deleted entity synthetic identifier rollback: disabled
2012-04-26 11:50:47[org.hibernate.cfg.SettingsFactory:309] INFO  Default entity-mode: pojo
2012-04-26 11:50:47[org.hibernate.cfg.SettingsFactory:313] INFO  Named query checking : enabled
2012-04-26 11:50:48[org.hibernate.impl.SessionFactoryImpl:161] INFO  building session factory
2012-04-26 11:50:48[org.hibernate.cache.CacheFactory:43] WARN  read-only cache configured for mutable class: net.ufida.info.mahout.model.BasicRemmenderModel
2012-04-26 11:50:48[org.hibernate.cache.EhCacheProvider:86] WARN  Could not find configuration [net.ufida.info.mahout.model.BasicRemmenderModel]; using defaults.
2012-04-26 11:50:48[org.hibernate.impl.SessionFactoryObjectFactory:82] INFO  Not binding factory to JNDI, no JNDI name configured
2012-04-26 11:50:48[org.hibernate.cache.UpdateTimestampsCache:41] INFO  starting update timestamps cache at region: org.hibernate.cache.UpdateTimestampsCache
2012-04-26 11:50:48[org.hibernate.cache.StandardQueryCache:52] INFO  starting query cache at region: org.hibernate.cache.StandardQueryCache
2012-04-26 11:52:49[org.springframework.context.support.ClassPathXmlApplicationContext:411] INFO  Refreshing org.springframework.context.support.ClassPathXmlApplicationContext@14a8cd1: display name [org.springframework.context.support.ClassPathXmlApplicationContext@14a8cd1]; startup date [Thu Apr 26 11:52:49 CST 2012]; root of context hierarchy
2012-04-26 11:52:49[org.springframework.beans.factory.xml.XmlBeanDefinitionReader:323] INFO  Loading XML bean definitions from class path resource [net/ufida/info/conf/info-component.xml]
2012-04-26 11:52:49[org.springframework.context.support.ClassPathXmlApplicationContext:426] INFO  Bean factory for application context [org.springframework.context.support.ClassPathXmlApplicationContext@14a8cd1]: org.springframework.beans.factory.support.DefaultListableBeanFactory@16de49c
2012-04-26 11:52:49[org.springframework.beans.factory.support.DefaultListableBeanFactory:414] INFO  Pre-instantiating singletons in org.springframework.beans.factory.support.DefaultListableBeanFactory@16de49c: defining beans [loginManager,loginService,userCfManager,userCfService,slopeOneManager,slopeOneService]; root of factory hierarchy
2012-04-26 11:53:09[org.springframework.context.support.ClassPathXmlApplicationContext:411] INFO  Refreshing org.springframework.context.support.ClassPathXmlApplicationContext@14a8cd1: display name [org.springframework.context.support.ClassPathXmlApplicationContext@14a8cd1]; startup date [Thu Apr 26 11:53:09 CST 2012]; root of context hierarchy
2012-04-26 11:53:09[org.springframework.beans.factory.xml.XmlBeanDefinitionReader:323] INFO  Loading XML bean definitions from class path resource [spring-hibernate.xml]
2012-04-26 11:53:09[org.springframework.beans.factory.xml.XmlBeanDefinitionReader:323] INFO  Loading XML bean definitions from class path resource [net/ufida/info/conf/info-component.xml]
2012-04-26 11:53:09[org.springframework.context.support.ClassPathXmlApplicationContext:426] INFO  Bean factory for application context [org.springframework.context.support.ClassPathXmlApplicationContext@14a8cd1]: org.springframework.beans.factory.support.DefaultListableBeanFactory@149d886
2012-04-26 11:53:09[org.springframework.beans.factory.support.DefaultListableBeanFactory:414] INFO  Pre-instantiating singletons in org.springframework.beans.factory.support.DefaultListableBeanFactory@149d886: defining beans [dataSource,sessionFactory,transactionManager,org.springframework.aop.config.internalAutoProxyCreator,org.springframework.aop.support.DefaultBeanFactoryPointcutAdvisor#0,org.springframework.aop.support.DefaultBeanFactoryPointcutAdvisor#1,txAdvice,loginManager,loginService,userCfManager,userCfService,slopeOneManager,slopeOneService]; root of factory hierarchy
2012-04-26 11:53:09[org.hibernate.cfg.Environment:514] INFO  Hibernate 3.2.6
2012-04-26 11:53:09[org.hibernate.cfg.Environment:547] INFO  hibernate.properties not found
2012-04-26 11:53:09[org.hibernate.cfg.Environment:681] INFO  Bytecode provider name : cglib
2012-04-26 11:53:09[org.hibernate.cfg.Environment:598] INFO  using JDK 1.4 java.sql.Timestamp handling
2012-04-26 11:53:09[org.hibernate.cfg.HbmBinder:300] INFO  Mapping class: net.ufida.info.login.model.System -> tb_subsys
2012-04-26 11:53:09[org.hibernate.cfg.HbmBinder:300] INFO  Mapping class: net.ufida.info.login.model.SystemMenu -> tb_subsys_menu
2012-04-26 11:53:09[org.hibernate.cfg.HbmBinder:300] INFO  Mapping class: net.ufida.info.login.model.SystemRole -> tb_subsys_role
2012-04-26 11:53:09[org.hibernate.cfg.HbmBinder:1419] INFO  Mapping collection: net.ufida.info.login.model.SystemRole.userList -> tb_subsys_user_role
2012-04-26 11:53:09[org.hibernate.cfg.HbmBinder:300] INFO  Mapping class: net.ufida.info.login.model.SystemRoleMenu -> tb_subsys_role_menu
2012-04-26 11:53:09[org.hibernate.cfg.HbmBinder:300] INFO  Mapping class: net.ufida.info.login.model.SystemUser -> tb_sys_user
2012-04-26 11:53:09[org.hibernate.cfg.HbmBinder:1419] INFO  Mapping collection: net.ufida.info.login.model.SystemUser.sysRoleList -> tb_subsys_user_role
2012-04-26 11:53:09[org.hibernate.cfg.HbmBinder:300] INFO  Mapping class: net.ufida.info.mahout.model.BasicRemmenderModel -> tmp_good_order
2012-04-26 11:53:09[org.hibernate.cfg.HbmBinder:300] INFO  Mapping class: net.ufida.info.mahout.model.Category -> category
2012-04-26 11:53:09[org.hibernate.cfg.HbmBinder:300] INFO  Mapping class: net.ufida.info.mahout.model.OrderGoods -> order_goods
2012-04-26 11:53:09[org.hibernate.cfg.HbmBinder:2382] INFO  Mapping collection: net.ufida.info.login.model.SystemMenu.sysRoleMenuList -> tb_subsys_role_menu
2012-04-26 11:53:09[org.hibernate.cfg.HbmBinder:2382] INFO  Mapping collection: net.ufida.info.login.model.SystemRole.sysRoleMenuList -> tb_subsys_role_menu
2012-04-26 11:53:09[org.springframework.orm.hibernate3.LocalSessionFactoryBean:730] INFO  Building new Hibernate SessionFactory
2012-04-26 11:53:09[org.hibernate.mapping.RootClass:210] WARN  composite-id class does not override equals(): net.ufida.info.login.model.SystemRoleMenu
2012-04-26 11:53:09[org.hibernate.mapping.RootClass:215] WARN  composite-id class does not override hashCode(): net.ufida.info.login.model.SystemRoleMenu
2012-04-26 11:53:09[org.hibernate.connection.ConnectionProviderFactory:72] INFO  Initializing connection provider: org.springframework.orm.hibernate3.LocalDataSourceConnectionProvider
2012-04-26 11:53:10[org.hibernate.cfg.SettingsFactory:89] INFO  RDBMS: MySQL, version: 5.1.50-log
2012-04-26 11:53:10[org.hibernate.cfg.SettingsFactory:90] INFO  JDBC driver: MySQL-AB JDBC Driver, version: mysql-connector-java-5.0.6 ( $Date: 2007-03-09 22:13:57 +0100 (Fri, 09 Mar 2007) $, $Revision: 6341 $ )
2012-04-26 11:53:10[org.hibernate.dialect.Dialect:152] INFO  Using dialect: org.hibernate.dialect.MySQLDialect
2012-04-26 11:53:10[org.hibernate.transaction.TransactionFactoryFactory:34] INFO  Transaction strategy: org.springframework.orm.hibernate3.SpringTransactionFactory
2012-04-26 11:53:10[org.hibernate.transaction.TransactionManagerLookupFactory:33] INFO  No TransactionManagerLookup configured (in JTA environment, use of read-write or transactional second-level cache is not recommended)
2012-04-26 11:53:10[org.hibernate.cfg.SettingsFactory:143] INFO  Automatic flush during beforeCompletion(): disabled
2012-04-26 11:53:10[org.hibernate.cfg.SettingsFactory:147] INFO  Automatic session close at end of transaction: disabled
2012-04-26 11:53:10[org.hibernate.cfg.SettingsFactory:154] INFO  JDBC batch size: 100
2012-04-26 11:53:10[org.hibernate.cfg.SettingsFactory:157] INFO  JDBC batch updates for versioned data: disabled
2012-04-26 11:53:10[org.hibernate.cfg.SettingsFactory:162] INFO  Scrollable result sets: disabled
2012-04-26 11:53:10[org.hibernate.cfg.SettingsFactory:170] INFO  JDBC3 getGeneratedKeys(): enabled
2012-04-26 11:53:10[org.hibernate.cfg.SettingsFactory:174] INFO  JDBC result set fetch size: 60
2012-04-26 11:53:10[org.hibernate.cfg.SettingsFactory:178] INFO  Connection release mode: auto
2012-04-26 11:53:10[org.hibernate.cfg.SettingsFactory:202] INFO  Maximum outer join fetch depth: 3
2012-04-26 11:53:10[org.hibernate.cfg.SettingsFactory:205] INFO  Default batch fetch size: 1
2012-04-26 11:53:10[org.hibernate.cfg.SettingsFactory:209] INFO  Generate SQL with comments: disabled
2012-04-26 11:53:10[org.hibernate.cfg.SettingsFactory:213] INFO  Order SQL updates by primary key: disabled
2012-04-26 11:53:10[org.hibernate.cfg.SettingsFactory:217] INFO  Order SQL inserts for batching: disabled
2012-04-26 11:53:10[org.hibernate.cfg.SettingsFactory:386] INFO  Query translator: org.hibernate.hql.ast.ASTQueryTranslatorFactory
2012-04-26 11:53:10[org.hibernate.hql.ast.ASTQueryTranslatorFactory:24] INFO  Using ASTQueryTranslatorFactory
2012-04-26 11:53:10[org.hibernate.cfg.SettingsFactory:225] INFO  Query language substitutions: {}
2012-04-26 11:53:10[org.hibernate.cfg.SettingsFactory:230] INFO  JPA-QL strict compliance: disabled
2012-04-26 11:53:10[org.hibernate.cfg.SettingsFactory:235] INFO  Second-level cache: enabled
2012-04-26 11:53:10[org.hibernate.cfg.SettingsFactory:239] INFO  Query cache: enabled
2012-04-26 11:53:10[org.hibernate.cfg.SettingsFactory:373] INFO  Cache provider: org.hibernate.cache.EhCacheProvider
2012-04-26 11:53:10[org.hibernate.cfg.SettingsFactory:254] INFO  Optimize cache for minimal puts: disabled
2012-04-26 11:53:10[org.hibernate.cfg.SettingsFactory:263] INFO  Structured second-level cache entries: disabled
2012-04-26 11:53:10[org.hibernate.cfg.SettingsFactory:360] INFO  Query cache factory: org.hibernate.cache.StandardQueryCacheFactory
2012-04-26 11:53:10[org.hibernate.cfg.SettingsFactory:283] INFO  Echoing all SQL to stdout
2012-04-26 11:53:10[org.hibernate.cfg.SettingsFactory:290] INFO  Statistics: disabled
2012-04-26 11:53:10[org.hibernate.cfg.SettingsFactory:294] INFO  Deleted entity synthetic identifier rollback: disabled
2012-04-26 11:53:10[org.hibernate.cfg.SettingsFactory:309] INFO  Default entity-mode: pojo
2012-04-26 11:53:10[org.hibernate.cfg.SettingsFactory:313] INFO  Named query checking : enabled
2012-04-26 11:53:10[org.hibernate.impl.SessionFactoryImpl:161] INFO  building session factory
2012-04-26 11:53:10[org.hibernate.cache.CacheFactory:43] WARN  read-only cache configured for mutable class: net.ufida.info.mahout.model.BasicRemmenderModel
2012-04-26 11:53:10[org.hibernate.cache.EhCacheProvider:86] WARN  Could not find configuration [net.ufida.info.mahout.model.BasicRemmenderModel]; using defaults.
2012-04-26 11:53:10[org.hibernate.impl.SessionFactoryObjectFactory:82] INFO  Not binding factory to JNDI, no JNDI name configured
2012-04-26 11:53:10[org.hibernate.cache.UpdateTimestampsCache:41] INFO  starting update timestamps cache at region: org.hibernate.cache.UpdateTimestampsCache
2012-04-26 11:53:10[org.hibernate.cache.StandardQueryCache:52] INFO  starting query cache at region: org.hibernate.cache.StandardQueryCache
2012-05-03 19:20:38[net.ufida.info.util.HDFSUtils:139] INFO  ===================写数据到临时文件==================
2012-05-03 19:22:29[net.ufida.info.util.HDFSUtils:139] INFO  ===================写数据到临时文件==================
2012-05-03 19:22:41[net.ufida.info.util.HDFSUtils:139] INFO  ===================写数据到临时文件==================
2012-05-03 19:25:31[net.ufida.info.util.HDFSUtils:139] INFO  ===================写数据到临时文件==================
2012-05-03 19:25:43[net.ufida.info.util.HDFSUtils:139] INFO  ===================写数据到临时文件==================
2012-05-03 19:26:19[net.ufida.info.util.HDFSUtils:139] INFO  ===================写数据到临时文件==================
2012-05-03 19:26:53[net.ufida.info.util.HDFSUtils:139] INFO  ===================写数据到临时文件==================
2012-05-03 19:26:54[net.ufida.info.util.HDFSUtils:156] ERROR 写数据到临时文件失败
2012-05-03 19:27:14[net.ufida.info.util.HDFSUtils:139] INFO  ===================写数据到临时文件==================
2012-05-03 19:27:14[net.ufida.info.util.HDFSUtils:156] ERROR 写数据到临时文件失败
2012-05-03 19:27:57[net.ufida.info.util.HDFSUtils:139] INFO  ===================写数据到临时文件==================
2012-05-03 19:27:57[net.ufida.info.util.HDFSUtils:156] ERROR 写数据到临时文件失败
2012-05-03 19:30:37[net.ufida.info.util.HDFSUtils:139] INFO  ===================写数据到临时文件==================
2012-05-03 19:30:37[net.ufida.info.util.HDFSUtils:156] ERROR 写数据到临时文件失败
2012-05-03 19:52:22[net.ufida.info.util.HDFSUtils:141] INFO  ===================写数据到临时文件==================
2012-05-03 19:52:23[net.ufida.info.util.HDFSUtils:158] ERROR 写数据到临时文件失败
2012-05-03 19:54:32[net.ufida.info.util.HDFSUtils:142] INFO  ===================写数据到临时文件==================
2012-05-04 13:43:42[org.springframework.context.support.ClassPathXmlApplicationContext:411] INFO  Refreshing org.springframework.context.support.ClassPathXmlApplicationContext@47393f: display name [org.springframework.context.support.ClassPathXmlApplicationContext@47393f]; startup date [Fri May 04 13:43:42 CST 2012]; root of context hierarchy
2012-05-04 13:43:42[org.springframework.beans.factory.xml.XmlBeanDefinitionReader:323] INFO  Loading XML bean definitions from class path resource [task-context.xml]
2012-05-04 13:43:42[org.springframework.context.support.ClassPathXmlApplicationContext:426] INFO  Bean factory for application context [org.springframework.context.support.ClassPathXmlApplicationContext@47393f]: org.springframework.beans.factory.support.DefaultListableBeanFactory@1bbf1ca
2012-05-04 13:43:42[org.springframework.beans.factory.support.DefaultListableBeanFactory:414] INFO  Pre-instantiating singletons in org.springframework.beans.factory.support.DefaultListableBeanFactory@1bbf1ca: defining beans [exceptionJob,exceptionJobTask,ExceptionRunTime,billStartQuartz]; root of factory hierarchy
2012-05-04 13:43:42[org.springframework.beans.factory.support.DefaultListableBeanFactory:421] INFO  Destroying singletons in org.springframework.beans.factory.support.DefaultListableBeanFactory@1bbf1ca: defining beans [exceptionJob,exceptionJobTask,ExceptionRunTime,billStartQuartz]; root of factory hierarchy
2012-05-04 13:44:21[org.springframework.context.support.ClassPathXmlApplicationContext:411] INFO  Refreshing org.springframework.context.support.ClassPathXmlApplicationContext@47393f: display name [org.springframework.context.support.ClassPathXmlApplicationContext@47393f]; startup date [Fri May 04 13:44:21 CST 2012]; root of context hierarchy
2012-05-04 13:44:21[org.springframework.beans.factory.xml.XmlBeanDefinitionReader:323] INFO  Loading XML bean definitions from class path resource [task-context.xml]
2012-05-04 13:44:22[org.springframework.context.support.ClassPathXmlApplicationContext:426] INFO  Bean factory for application context [org.springframework.context.support.ClassPathXmlApplicationContext@47393f]: org.springframework.beans.factory.support.DefaultListableBeanFactory@16de49c
2012-05-04 13:44:22[org.springframework.beans.factory.support.DefaultListableBeanFactory:414] INFO  Pre-instantiating singletons in org.springframework.beans.factory.support.DefaultListableBeanFactory@16de49c: defining beans [exceptionJob,exceptionJobTask,ExceptionRunTime,billStartQuartz]; root of factory hierarchy
2012-05-04 13:44:22[org.springframework.beans.factory.support.DefaultListableBeanFactory:421] INFO  Destroying singletons in org.springframework.beans.factory.support.DefaultListableBeanFactory@16de49c: defining beans [exceptionJob,exceptionJobTask,ExceptionRunTime,billStartQuartz]; root of factory hierarchy
2012-05-04 13:51:45[org.springframework.context.support.ClassPathXmlApplicationContext:411] INFO  Refreshing org.springframework.context.support.ClassPathXmlApplicationContext@47393f: display name [org.springframework.context.support.ClassPathXmlApplicationContext@47393f]; startup date [Fri May 04 13:51:45 CST 2012]; root of context hierarchy
2012-05-04 13:51:45[org.springframework.beans.factory.xml.XmlBeanDefinitionReader:323] INFO  Loading XML bean definitions from class path resource [task-context.xml]
2012-05-04 13:51:45[org.springframework.context.support.ClassPathXmlApplicationContext:426] INFO  Bean factory for application context [org.springframework.context.support.ClassPathXmlApplicationContext@47393f]: org.springframework.beans.factory.support.DefaultListableBeanFactory@16de49c
2012-05-04 13:51:45[org.springframework.beans.factory.support.DefaultListableBeanFactory:414] INFO  Pre-instantiating singletons in org.springframework.beans.factory.support.DefaultListableBeanFactory@16de49c: defining beans [exceptionJob,exceptionJobTask,ExceptionRunTime,billStartQuartz]; root of factory hierarchy
2012-05-04 13:51:46[org.springframework.beans.factory.support.DefaultListableBeanFactory:421] INFO  Destroying singletons in org.springframework.beans.factory.support.DefaultListableBeanFactory@16de49c: defining beans [exceptionJob,exceptionJobTask,ExceptionRunTime,billStartQuartz]; root of factory hierarchy
2012-05-04 13:58:10[org.springframework.context.support.ClassPathXmlApplicationContext:411] INFO  Refreshing org.springframework.context.support.ClassPathXmlApplicationContext@1ff7a1e: display name [org.springframework.context.support.ClassPathXmlApplicationContext@1ff7a1e]; startup date [Fri May 04 13:58:10 CST 2012]; root of context hierarchy
2012-05-04 13:58:11[org.springframework.beans.factory.xml.XmlBeanDefinitionReader:323] INFO  Loading XML bean definitions from class path resource [task-context.xml]
2012-05-04 13:58:11[org.springframework.context.support.ClassPathXmlApplicationContext:426] INFO  Bean factory for application context [org.springframework.context.support.ClassPathXmlApplicationContext@1ff7a1e]: org.springframework.beans.factory.support.DefaultListableBeanFactory@1bbf1ca
2012-05-04 13:58:11[org.springframework.beans.factory.support.DefaultListableBeanFactory:414] INFO  Pre-instantiating singletons in org.springframework.beans.factory.support.DefaultListableBeanFactory@1bbf1ca: defining beans [exceptionJob,exceptionJobTask,ExceptionRunTime,billStartQuartz]; root of factory hierarchy
2012-05-04 13:58:11[org.springframework.beans.factory.support.DefaultListableBeanFactory:421] INFO  Destroying singletons in org.springframework.beans.factory.support.DefaultListableBeanFactory@1bbf1ca: defining beans [exceptionJob,exceptionJobTask,ExceptionRunTime,billStartQuartz]; root of factory hierarchy
2012-05-04 14:07:04[org.quartz.simpl.SimpleThreadPool:258] INFO  Job execution threads will use class loader of thread: main
2012-05-04 14:07:04[org.quartz.core.QuartzScheduler:209] INFO  Quartz Scheduler v.1.6.0 created.
2012-05-04 14:07:04[org.quartz.simpl.RAMJobStore:141] INFO  RAMJobStore initialized.
2012-05-04 14:07:04[org.quartz.impl.StdSchedulerFactory:1208] INFO  Quartz scheduler 'DefaultQuartzScheduler' initialized from default resource file in Quartz package: 'quartz.properties'
2012-05-04 14:07:04[org.quartz.impl.StdSchedulerFactory:1212] INFO  Quartz scheduler version: 1.6.0
2012-05-04 14:07:04[org.quartz.core.QuartzScheduler:455] INFO  Scheduler DefaultQuartzScheduler_$_NON_CLUSTERED started.
2012-05-04 14:17:01[org.springframework.context.support.ClassPathXmlApplicationContext:411] INFO  Refreshing org.springframework.context.support.ClassPathXmlApplicationContext@1aa57fb: display name [org.springframework.context.support.ClassPathXmlApplicationContext@1aa57fb]; startup date [Fri May 04 14:17:01 CST 2012]; root of context hierarchy
2012-05-04 14:17:02[org.springframework.beans.factory.xml.XmlBeanDefinitionReader:323] INFO  Loading XML bean definitions from class path resource [task-context.xml]
2012-05-04 14:17:02[org.springframework.context.support.ClassPathXmlApplicationContext:426] INFO  Bean factory for application context [org.springframework.context.support.ClassPathXmlApplicationContext@1aa57fb]: org.springframework.beans.factory.support.DefaultListableBeanFactory@1ff0dde
2012-05-04 14:17:02[org.springframework.beans.factory.support.DefaultListableBeanFactory:414] INFO  Pre-instantiating singletons in org.springframework.beans.factory.support.DefaultListableBeanFactory@1ff0dde: defining beans [exceptionJob,exceptionJobTask,ExceptionRunTime,billStartQuartz]; root of factory hierarchy
2012-05-04 14:17:02[org.springframework.beans.factory.support.DefaultListableBeanFactory:421] INFO  Destroying singletons in org.springframework.beans.factory.support.DefaultListableBeanFactory@1ff0dde: defining beans [exceptionJob,exceptionJobTask,ExceptionRunTime,billStartQuartz]; root of factory hierarchy
2012-05-04 14:17:18[org.springframework.context.support.ClassPathXmlApplicationContext:411] INFO  Refreshing org.springframework.context.support.ClassPathXmlApplicationContext@47393f: display name [org.springframework.context.support.ClassPathXmlApplicationContext@47393f]; startup date [Fri May 04 14:17:18 CST 2012]; root of context hierarchy
2012-05-04 14:17:18[org.springframework.beans.factory.xml.XmlBeanDefinitionReader:323] INFO  Loading XML bean definitions from class path resource [spring-context.xml]
2012-05-04 14:17:18[org.springframework.beans.factory.xml.XmlBeanDefinitionReader:323] INFO  Loading XML bean definitions from class path resource [net/ufida/info/conf/info-component.xml]
2012-05-04 14:17:18[org.springframework.beans.factory.xml.XmlBeanDefinitionReader:323] INFO  Loading XML bean definitions from class path resource [net/ufida/x27/conf/x27-component.xml]
2012-05-04 14:17:18[org.springframework.beans.factory.xml.XmlBeanDefinitionReader:323] INFO  Loading XML bean definitions from class path resource [spring-hibernate.xml]
2012-05-04 14:17:19[org.springframework.beans.factory.xml.XmlBeanDefinitionReader:323] INFO  Loading XML bean definitions from class path resource [task-context.xml]
2012-05-04 14:17:19[org.springframework.context.support.ClassPathXmlApplicationContext:426] INFO  Bean factory for application context [org.springframework.context.support.ClassPathXmlApplicationContext@47393f]: org.springframework.beans.factory.support.DefaultListableBeanFactory@aadc97
2012-05-04 14:17:19[org.springframework.beans.factory.support.DefaultListableBeanFactory:414] INFO  Pre-instantiating singletons in org.springframework.beans.factory.support.DefaultListableBeanFactory@aadc97: defining beans [loginManager,loginService,userCfManager,userCfService,slopeOneManager,slopeOneService,orderGoodsManager,categoryManager,kGoodsManager,loginCtrl,configDB,configFile,dictionaryFactoryFile,dictionaryFactoryDB,dictTagCache,jsonConvert,enumManager,dictManager,dictService,enumService,dataSource,sessionFactory,transactionManager,org.springframework.aop.config.internalAutoProxyCreator,org.springframework.aop.support.DefaultBeanFactoryPointcutAdvisor#0,org.springframework.aop.support.DefaultBeanFactoryPointcutAdvisor#1,txAdvice,exceptionJob,exceptionJobTask,ExceptionRunTime,billStartQuartz]; root of factory hierarchy
2012-05-04 14:17:20[org.hibernate.cfg.Environment:514] INFO  Hibernate 3.2.6
2012-05-04 14:17:20[org.hibernate.cfg.Environment:547] INFO  hibernate.properties not found
2012-05-04 14:17:20[org.hibernate.cfg.Environment:681] INFO  Bytecode provider name : cglib
2012-05-04 14:17:20[org.hibernate.cfg.Environment:598] INFO  using JDK 1.4 java.sql.Timestamp handling
2012-05-04 14:17:20[org.hibernate.cfg.HbmBinder:300] INFO  Mapping class: net.ufida.info.login.model.System -> tb_subsys
2012-05-04 14:17:20[org.hibernate.cfg.HbmBinder:300] INFO  Mapping class: net.ufida.info.login.model.SystemMenu -> tb_subsys_menu
2012-05-04 14:17:20[org.hibernate.cfg.HbmBinder:300] INFO  Mapping class: net.ufida.info.login.model.SystemRole -> tb_subsys_role
2012-05-04 14:17:20[org.hibernate.cfg.HbmBinder:1419] INFO  Mapping collection: net.ufida.info.login.model.SystemRole.userList -> tb_subsys_user_role
2012-05-04 14:17:20[org.hibernate.cfg.HbmBinder:300] INFO  Mapping class: net.ufida.info.login.model.SystemRoleMenu -> tb_subsys_role_menu
2012-05-04 14:17:20[org.hibernate.cfg.HbmBinder:300] INFO  Mapping class: net.ufida.info.login.model.SystemUser -> tb_sys_user
2012-05-04 14:17:20[org.hibernate.cfg.HbmBinder:1419] INFO  Mapping collection: net.ufida.info.login.model.SystemUser.sysRoleList -> tb_subsys_user_role
2012-05-04 14:17:20[org.hibernate.cfg.HbmBinder:300] INFO  Mapping class: net.ufida.info.mahout.model.BasicRemmenderModel -> tmp_good_order
2012-05-04 14:17:20[org.hibernate.cfg.HbmBinder:300] INFO  Mapping class: net.ufida.info.mahout.model.Category -> category
2012-05-04 14:17:20[org.hibernate.cfg.HbmBinder:300] INFO  Mapping class: net.ufida.info.mahout.model.KGoods -> k_goods
2012-05-04 14:17:20[org.hibernate.cfg.HbmBinder:300] INFO  Mapping class: net.ufida.info.mahout.model.KOrderInfo -> k_order_info
2012-05-04 14:17:20[org.hibernate.cfg.HbmBinder:300] INFO  Mapping class: net.ufida.info.mahout.model.OrderGoods -> order_goods
2012-05-04 14:17:20[org.hibernate.cfg.HbmBinder:2382] INFO  Mapping collection: net.ufida.info.login.model.SystemMenu.sysRoleMenuList -> tb_subsys_role_menu
2012-05-04 14:17:20[org.hibernate.cfg.HbmBinder:2382] INFO  Mapping collection: net.ufida.info.login.model.SystemRole.sysRoleMenuList -> tb_subsys_role_menu
2012-05-04 14:17:20[org.springframework.orm.hibernate3.LocalSessionFactoryBean:730] INFO  Building new Hibernate SessionFactory
2012-05-04 14:17:21[org.hibernate.mapping.RootClass:210] WARN  composite-id class does not override equals(): net.ufida.info.login.model.SystemRoleMenu
2012-05-04 14:17:21[org.hibernate.mapping.RootClass:215] WARN  composite-id class does not override hashCode(): net.ufida.info.login.model.SystemRoleMenu
2012-05-04 14:17:21[org.hibernate.connection.ConnectionProviderFactory:72] INFO  Initializing connection provider: org.springframework.orm.hibernate3.LocalDataSourceConnectionProvider
2012-05-04 14:17:42[org.hibernate.util.JDBCExceptionReporter:77] WARN  SQL Error: 0, SQLState: null
2012-05-04 14:17:42[org.hibernate.util.JDBCExceptionReporter:78] ERROR Cannot create PoolableConnectionFactory (Communications link failure due to underlying exception: 

** BEGIN NESTED EXCEPTION ** 

java.net.ConnectException
MESSAGE: Connection timed out: connect

STACKTRACE:

java.net.ConnectException: Connection timed out: connect
	at java.net.PlainSocketImpl.socketConnect(Native Method)
	at java.net.PlainSocketImpl.doConnect(PlainSocketImpl.java:351)
	at java.net.PlainSocketImpl.connectToAddress(PlainSocketImpl.java:213)
	at java.net.PlainSocketImpl.connect(PlainSocketImpl.java:200)
	at java.net.SocksSocketImpl.connect(SocksSocketImpl.java:366)
	at java.net.Socket.connect(Socket.java:529)
	at java.net.Socket.connect(Socket.java:478)
	at java.net.Socket.<init>(Socket.java:375)
	at java.net.Socket.<init>(Socket.java:218)
	at com.mysql.jdbc.StandardSocketFactory.connect(StandardSocketFactory.java:173)
	at com.mysql.jdbc.MysqlIO.<init>(MysqlIO.java:268)
	at com.mysql.jdbc.Connection.createNewIO(Connection.java:2745)
	at com.mysql.jdbc.Connection.<init>(Connection.java:1553)
	at com.mysql.jdbc.NonRegisteringDriver.connect(NonRegisteringDriver.java:285)
	at org.apache.commons.dbcp.DriverConnectionFactory.createConnection(DriverConnectionFactory.java:38)
	at org.apache.commons.dbcp.PoolableConnectionFactory.makeObject(PoolableConnectionFactory.java:294)
	at org.apache.commons.dbcp.BasicDataSource.validateConnectionFactory(BasicDataSource.java:1266)
	at org.apache.commons.dbcp.BasicDataSource.createDataSource(BasicDataSource.java:1240)
	at org.apache.commons.dbcp.BasicDataSource.getConnection(BasicDataSource.java:882)
	at org.springframework.orm.hibernate3.LocalDataSourceConnectionProvider.getConnection(LocalDataSourceConnectionProvider.java:82)
	at org.hibernate.cfg.SettingsFactory.buildSettings(SettingsFactory.java:84)
	at org.hibernate.cfg.Configuration.buildSettings(Configuration.java:2073)
	at org.hibernate.cfg.Configuration.buildSessionFactory(Configuration.java:1298)
	at org.springframework.orm.hibernate3.LocalSessionFactoryBean.newSessionFactory(LocalSessionFactoryBean.java:814)
	at org.springframework.orm.hibernate3.LocalSessionFactoryBean.buildSessionFactory(LocalSessionFactoryBean.java:732)
	at org.springframework.orm.hibernate3.AbstractSessionFactoryBean.afterPropertiesSet(AbstractSessionFactoryBean.java:211)
	at org.springframework.beans.factory.support.AbstractAutowireCapableBeanFactory.invokeInitMethods(AbstractAutowireCapableBeanFactory.java:1369)
	at org.springframework.beans.factory.support.AbstractAutowireCapableBeanFactory.initializeBean(AbstractAutowireCapableBeanFactory.java:1335)
	at org.springframework.beans.factory.support.AbstractAutowireCapableBeanFactory.doCreateBean(AbstractAutowireCapableBeanFactory.java:473)
	at org.springframework.beans.factory.support.AbstractAutowireCapableBeanFactory$1.run(AbstractAutowireCapableBeanFactory.java:409)
	at java.security.AccessController.doPrivileged(Native Method)
	at org.springframework.beans.factory.support.AbstractAutowireCapableBeanFactory.createBean(AbstractAutowireCapableBeanFactory.java:380)
	at org.springframework.beans.factory.support.AbstractBeanFactory$1.getObject(AbstractBeanFactory.java:264)
	at org.springframework.beans.factory.support.DefaultSingletonBeanRegistry.getSingleton(DefaultSingletonBeanRegistry.java:222)
	at org.springframework.beans.factory.support.AbstractBeanFactory.doGetBean(AbstractBeanFactory.java:261)
	at org.springframework.beans.factory.support.AbstractBeanFactory.getBean(AbstractBeanFactory.java:185)
	at org.springframework.beans.factory.support.AbstractBeanFactory.getBean(AbstractBeanFactory.java:164)
	at org.springframework.beans.factory.support.DefaultListableBeanFactory.preInstantiateSingletons(DefaultListableBeanFactory.java:423)
	at org.springframework.context.support.AbstractApplicationContext.finishBeanFactoryInitialization(AbstractApplicationContext.java:728)
	at org.springframework.context.support.AbstractApplicationContext.refresh(AbstractApplicationContext.java:380)
	at org.springframework.context.support.ClassPathXmlApplicationContext.<init>(ClassPathXmlApplicationContext.java:139)
	at org.springframework.context.support.ClassPathXmlApplicationContext.<init>(ClassPathXmlApplicationContext.java:83)
	at MainApp.main(MainApp.java:23)


** END NESTED EXCEPTION **



Last packet sent to the server was 31 ms ago.)
2012-05-04 14:17:42[org.hibernate.cfg.SettingsFactory:117] WARN  Could not obtain connection metadata
org.apache.commons.dbcp.SQLNestedException: Cannot create PoolableConnectionFactory (Communications link failure due to underlying exception: 

** BEGIN NESTED EXCEPTION ** 

java.net.ConnectException
MESSAGE: Connection timed out: connect

STACKTRACE:

java.net.ConnectException: Connection timed out: connect
	at java.net.PlainSocketImpl.socketConnect(Native Method)
	at java.net.PlainSocketImpl.doConnect(PlainSocketImpl.java:351)
	at java.net.PlainSocketImpl.connectToAddress(PlainSocketImpl.java:213)
	at java.net.PlainSocketImpl.connect(PlainSocketImpl.java:200)
	at java.net.SocksSocketImpl.connect(SocksSocketImpl.java:366)
	at java.net.Socket.connect(Socket.java:529)
	at java.net.Socket.connect(Socket.java:478)
	at java.net.Socket.<init>(Socket.java:375)
	at java.net.Socket.<init>(Socket.java:218)
	at com.mysql.jdbc.StandardSocketFactory.connect(StandardSocketFactory.java:173)
	at com.mysql.jdbc.MysqlIO.<init>(MysqlIO.java:268)
	at com.mysql.jdbc.Connection.createNewIO(Connection.java:2745)
	at com.mysql.jdbc.Connection.<init>(Connection.java:1553)
	at com.mysql.jdbc.NonRegisteringDriver.connect(NonRegisteringDriver.java:285)
	at org.apache.commons.dbcp.DriverConnectionFactory.createConnection(DriverConnectionFactory.java:38)
	at org.apache.commons.dbcp.PoolableConnectionFactory.makeObject(PoolableConnectionFactory.java:294)
	at org.apache.commons.dbcp.BasicDataSource.validateConnectionFactory(BasicDataSource.java:1266)
	at org.apache.commons.dbcp.BasicDataSource.createDataSource(BasicDataSource.java:1240)
	at org.apache.commons.dbcp.BasicDataSource.getConnection(BasicDataSource.java:882)
	at org.springframework.orm.hibernate3.LocalDataSourceConnectionProvider.getConnection(LocalDataSourceConnectionProvider.java:82)
	at org.hibernate.cfg.SettingsFactory.buildSettings(SettingsFactory.java:84)
	at org.hibernate.cfg.Configuration.buildSettings(Configuration.java:2073)
	at org.hibernate.cfg.Configuration.buildSessionFactory(Configuration.java:1298)
	at org.springframework.orm.hibernate3.LocalSessionFactoryBean.newSessionFactory(LocalSessionFactoryBean.java:814)
	at org.springframework.orm.hibernate3.LocalSessionFactoryBean.buildSessionFactory(LocalSessionFactoryBean.java:732)
	at org.springframework.orm.hibernate3.AbstractSessionFactoryBean.afterPropertiesSet(AbstractSessionFactoryBean.java:211)
	at org.springframework.beans.factory.support.AbstractAutowireCapableBeanFactory.invokeInitMethods(AbstractAutowireCapableBeanFactory.java:1369)
	at org.springframework.beans.factory.support.AbstractAutowireCapableBeanFactory.initializeBean(AbstractAutowireCapableBeanFactory.java:1335)
	at org.springframework.beans.factory.support.AbstractAutowireCapableBeanFactory.doCreateBean(AbstractAutowireCapableBeanFactory.java:473)
	at org.springframework.beans.factory.support.AbstractAutowireCapableBeanFactory$1.run(AbstractAutowireCapableBeanFactory.java:409)
	at java.security.AccessController.doPrivileged(Native Method)
	at org.springframework.beans.factory.support.AbstractAutowireCapableBeanFactory.createBean(AbstractAutowireCapableBeanFactory.java:380)
	at org.springframework.beans.factory.support.AbstractBeanFactory$1.getObject(AbstractBeanFactory.java:264)
	at org.springframework.beans.factory.support.DefaultSingletonBeanRegistry.getSingleton(DefaultSingletonBeanRegistry.java:222)
	at org.springframework.beans.factory.support.AbstractBeanFactory.doGetBean(AbstractBeanFactory.java:261)
	at org.springframework.beans.factory.support.AbstractBeanFactory.getBean(AbstractBeanFactory.java:185)
	at org.springframework.beans.factory.support.AbstractBeanFactory.getBean(AbstractBeanFactory.java:164)
	at org.springframework.beans.factory.support.DefaultListableBeanFactory.preInstantiateSingletons(DefaultListableBeanFactory.java:423)
	at org.springframework.context.support.AbstractApplicationContext.finishBeanFactoryInitialization(AbstractApplicationContext.java:728)
	at org.springframework.context.support.AbstractApplicationContext.refresh(AbstractApplicationContext.java:380)
	at org.springframework.context.support.ClassPathXmlApplicationContext.<init>(ClassPathXmlApplicationContext.java:139)
	at org.springframework.context.support.ClassPathXmlApplicationContext.<init>(ClassPathXmlApplicationContext.java:83)
	at MainApp.main(MainApp.java:23)


** END NESTED EXCEPTION **



Last packet sent to the server was 31 ms ago.)
	at org.apache.commons.dbcp.BasicDataSource.createDataSource(BasicDataSource.java:1244)
	at org.apache.commons.dbcp.BasicDataSource.getConnection(BasicDataSource.java:882)
	at org.springframework.orm.hibernate3.LocalDataSourceConnectionProvider.getConnection(LocalDataSourceConnectionProvider.java:82)
	at org.hibernate.cfg.SettingsFactory.buildSettings(SettingsFactory.java:84)
	at org.hibernate.cfg.Configuration.buildSettings(Configuration.java:2073)
	at org.hibernate.cfg.Configuration.buildSessionFactory(Configuration.java:1298)
	at org.springframework.orm.hibernate3.LocalSessionFactoryBean.newSessionFactory(LocalSessionFactoryBean.java:814)
	at org.springframework.orm.hibernate3.LocalSessionFactoryBean.buildSessionFactory(LocalSessionFactoryBean.java:732)
	at org.springframework.orm.hibernate3.AbstractSessionFactoryBean.afterPropertiesSet(AbstractSessionFactoryBean.java:211)
	at org.springframework.beans.factory.support.AbstractAutowireCapableBeanFactory.invokeInitMethods(AbstractAutowireCapableBeanFactory.java:1369)
	at org.springframework.beans.factory.support.AbstractAutowireCapableBeanFactory.initializeBean(AbstractAutowireCapableBeanFactory.java:1335)
	at org.springframework.beans.factory.support.AbstractAutowireCapableBeanFactory.doCreateBean(AbstractAutowireCapableBeanFactory.java:473)
	at org.springframework.beans.factory.support.AbstractAutowireCapableBeanFactory$1.run(AbstractAutowireCapableBeanFactory.java:409)
	at java.security.AccessController.doPrivileged(Native Method)
	at org.springframework.beans.factory.support.AbstractAutowireCapableBeanFactory.createBean(AbstractAutowireCapableBeanFactory.java:380)
	at org.springframework.beans.factory.support.AbstractBeanFactory$1.getObject(AbstractBeanFactory.java:264)
	at org.springframework.beans.factory.support.DefaultSingletonBeanRegistry.getSingleton(DefaultSingletonBeanRegistry.java:222)
	at org.springframework.beans.factory.support.AbstractBeanFactory.doGetBean(AbstractBeanFactory.java:261)
	at org.springframework.beans.factory.support.AbstractBeanFactory.getBean(AbstractBeanFactory.java:185)
	at org.springframework.beans.factory.support.AbstractBeanFactory.getBean(AbstractBeanFactory.java:164)
	at org.springframework.beans.factory.support.DefaultListableBeanFactory.preInstantiateSingletons(DefaultListableBeanFactory.java:423)
	at org.springframework.context.support.AbstractApplicationContext.finishBeanFactoryInitialization(AbstractApplicationContext.java:728)
	at org.springframework.context.support.AbstractApplicationContext.refresh(AbstractApplicationContext.java:380)
	at org.springframework.context.support.ClassPathXmlApplicationContext.<init>(ClassPathXmlApplicationContext.java:139)
	at org.springframework.context.support.ClassPathXmlApplicationContext.<init>(ClassPathXmlApplicationContext.java:83)
	at MainApp.main(MainApp.java:23)
Caused by: com.mysql.jdbc.CommunicationsException: Communications link failure due to underlying exception: 

** BEGIN NESTED EXCEPTION ** 

java.net.ConnectException
MESSAGE: Connection timed out: connect

STACKTRACE:

java.net.ConnectException: Connection timed out: connect
	at java.net.PlainSocketImpl.socketConnect(Native Method)
	at java.net.PlainSocketImpl.doConnect(PlainSocketImpl.java:351)
	at java.net.PlainSocketImpl.connectToAddress(PlainSocketImpl.java:213)
	at java.net.PlainSocketImpl.connect(PlainSocketImpl.java:200)
	at java.net.SocksSocketImpl.connect(SocksSocketImpl.java:366)
	at java.net.Socket.connect(Socket.java:529)
	at java.net.Socket.connect(Socket.java:478)
	at java.net.Socket.<init>(Socket.java:375)
	at java.net.Socket.<init>(Socket.java:218)
	at com.mysql.jdbc.StandardSocketFactory.connect(StandardSocketFactory.java:173)
	at com.mysql.jdbc.MysqlIO.<init>(MysqlIO.java:268)
	at com.mysql.jdbc.Connection.createNewIO(Connection.java:2745)
	at com.mysql.jdbc.Connection.<init>(Connection.java:1553)
	at com.mysql.jdbc.NonRegisteringDriver.connect(NonRegisteringDriver.java:285)
	at org.apache.commons.dbcp.DriverConnectionFactory.createConnection(DriverConnectionFactory.java:38)
	at org.apache.commons.dbcp.PoolableConnectionFactory.makeObject(PoolableConnectionFactory.java:294)
	at org.apache.commons.dbcp.BasicDataSource.validateConnectionFactory(BasicDataSource.java:1266)
	at org.apache.commons.dbcp.BasicDataSource.createDataSource(BasicDataSource.java:1240)
	at org.apache.commons.dbcp.BasicDataSource.getConnection(BasicDataSource.java:882)
	at org.springframework.orm.hibernate3.LocalDataSourceConnectionProvider.getConnection(LocalDataSourceConnectionProvider.java:82)
	at org.hibernate.cfg.SettingsFactory.buildSettings(SettingsFactory.java:84)
	at org.hibernate.cfg.Configuration.buildSettings(Configuration.java:2073)
	at org.hibernate.cfg.Configuration.buildSessionFactory(Configuration.java:1298)
	at org.springframework.orm.hibernate3.LocalSessionFactoryBean.newSessionFactory(LocalSessionFactoryBean.java:814)
	at org.springframework.orm.hibernate3.LocalSessionFactoryBean.buildSessionFactory(LocalSessionFactoryBean.java:732)
	at org.springframework.orm.hibernate3.AbstractSessionFactoryBean.afterPropertiesSet(AbstractSessionFactoryBean.java:211)
	at org.springframework.beans.factory.support.AbstractAutowireCapableBeanFactory.invokeInitMethods(AbstractAutowireCapableBeanFactory.java:1369)
	at org.springframework.beans.factory.support.AbstractAutowireCapableBeanFactory.initializeBean(AbstractAutowireCapableBeanFactory.java:1335)
	at org.springframework.beans.factory.support.AbstractAutowireCapableBeanFactory.doCreateBean(AbstractAutowireCapableBeanFactory.java:473)
	at org.springframework.beans.factory.support.AbstractAutowireCapableBeanFactory$1.run(AbstractAutowireCapableBeanFactory.java:409)
	at java.security.AccessController.doPrivileged(Native Method)
	at org.springframework.beans.factory.support.AbstractAutowireCapableBeanFactory.createBean(AbstractAutowireCapableBeanFactory.java:380)
	at org.springframework.beans.factory.support.AbstractBeanFactory$1.getObject(AbstractBeanFactory.java:264)
	at org.springframework.beans.factory.support.DefaultSingletonBeanRegistry.getSingleton(DefaultSingletonBeanRegistry.java:222)
	at org.springframework.beans.factory.support.AbstractBeanFactory.doGetBean(AbstractBeanFactory.java:261)
	at org.springframework.beans.factory.support.AbstractBeanFactory.getBean(AbstractBeanFactory.java:185)
	at org.springframework.beans.factory.support.AbstractBeanFactory.getBean(AbstractBeanFactory.java:164)
	at org.springframework.beans.factory.support.DefaultListableBeanFactory.preInstantiateSingletons(DefaultListableBeanFactory.java:423)
	at org.springframework.context.support.AbstractApplicationContext.finishBeanFactoryInitialization(AbstractApplicationContext.java:728)
	at org.springframework.context.support.AbstractApplicationContext.refresh(AbstractApplicationContext.java:380)
	at org.springframework.context.support.ClassPathXmlApplicationContext.<init>(ClassPathXmlApplicationContext.java:139)
	at org.springframework.context.support.ClassPathXmlApplicationContext.<init>(ClassPathXmlApplicationContext.java:83)
	at MainApp.main(MainApp.java:23)


** END NESTED EXCEPTION **



Last packet sent to the server was 31 ms ago.
	at com.mysql.jdbc.Connection.createNewIO(Connection.java:2820)
	at com.mysql.jdbc.Connection.<init>(Connection.java:1553)
	at com.mysql.jdbc.NonRegisteringDriver.connect(NonRegisteringDriver.java:285)
	at org.apache.commons.dbcp.DriverConnectionFactory.createConnection(DriverConnectionFactory.java:38)
	at org.apache.commons.dbcp.PoolableConnectionFactory.makeObject(PoolableConnectionFactory.java:294)
	at org.apache.commons.dbcp.BasicDataSource.validateConnectionFactory(BasicDataSource.java:1266)
	at org.apache.commons.dbcp.BasicDataSource.createDataSource(BasicDataSource.java:1240)
	... 25 more
2012-05-04 14:17:42[org.springframework.beans.factory.support.DefaultListableBeanFactory:421] INFO  Destroying singletons in org.springframework.beans.factory.support.DefaultListableBeanFactory@aadc97: defining beans [loginManager,loginService,userCfManager,userCfService,slopeOneManager,slopeOneService,orderGoodsManager,categoryManager,kGoodsManager,loginCtrl,configDB,configFile,dictionaryFactoryFile,dictionaryFactoryDB,dictTagCache,jsonConvert,enumManager,dictManager,dictService,enumService,dataSource,sessionFactory,transactionManager,org.springframework.aop.config.internalAutoProxyCreator,org.springframework.aop.support.DefaultBeanFactoryPointcutAdvisor#0,org.springframework.aop.support.DefaultBeanFactoryPointcutAdvisor#1,txAdvice,exceptionJob,exceptionJobTask,ExceptionRunTime,billStartQuartz]; root of factory hierarchy
2012-05-07 16:26:07[net.ufida.info.util.HDFSUtils:171] INFO  ===================删除文件==================/mahoutRask/data.dat
